<?xml version="1.0" encoding="UTF-8"?>
<!-- Generated by org.testng.reporters.JUnitReportReporter -->
<testsuite hostname="DESKTOP-9H01E7N" failures="0" tests="2" name="TestCases.Gmail" time="18.642" errors="0" timestamp="01 Aug 2018 21:12:34 GMT" skipped="0">
  <testcase classname="TestCases.Gmail" name="logintest" time="6.531"/>
  <testcase classname="TestCases.Gmail" name="welcome" time="12.111"/>
</testsuite> <!-- TestCases.Gmail -->
